# JRE version: OpenJDK Runtime Environment (8.0_212-b04) (build 1.8.0_212-release-1586-b04)
# Java VM: OpenJDK 64-Bit Server VM (25.212-b04 mixed mode windows-amd64 compressed oops)
Heap:
 PSYoungGen      total 117760K, used 20338K [0x00000000f5580000, 0x00000000fd680000, 0x0000000100000000)
  eden space 107520K, 10% used [0x00000000f5580000,0x00000000f6087228,0x00000000fbe80000)
  from space 10240K, 88% used [0x00000000fcc80000,0x00000000fd555640,0x00000000fd680000)
  to   space 12288K, 0% used [0x00000000fbe80000,0x00000000fbe80000,0x00000000fca80000)
 ParOldGen       total 175104K, used 7769K [0x00000000e0000000, 0x00000000eab00000, 0x00000000f5580000)
  object space 175104K, 4% used [0x00000000e0000000,0x00000000e0796418,0x00000000eab00000)
 Metaspace       used 33985K, capacity 34780K, committed 35072K, reserved 1079296K
  class space    used 4534K, capacity 4747K, committed 4864K, reserved 1048576K
GC Heap History (10 events):
Event: 4.706 GC heap before
{Heap before GC invocations=3 (full 0):
 PSYoungGen      total 76288K, used 75095K [0x00000000f5580000, 0x00000000faa80000, 0x0000000100000000)
  eden space 65536K, 100% used [0x00000000f5580000,0x00000000f9580000,0x00000000f9580000)
  from space 10752K, 88% used [0x00000000fa000000,0x00000000fa955e60,0x00000000faa80000)
  to   space 10752K, 0% used [0x00000000f9580000,0x00000000f9580000,0x00000000fa000000)
 ParOldGen       total 175104K, used 24K [0x00000000e0000000, 0x00000000eab00000, 0x00000000f5580000)
  object space 175104K, 0% used [0x00000000e0000000,0x00000000e0006000,0x00000000eab00000)
 Metaspace       used 20137K, capacity 20756K, committed 21120K, reserved 1067008K
  class space    used 2917K, capacity 3075K, committed 3200K, reserved 1048576K
Event: 4.719 GC heap after
Heap after GC invocations=3 (full 0):
 PSYoungGen      total 76288K, used 10743K [0x00000000f5580000, 0x00000000faa80000, 0x0000000100000000)
  eden space 65536K, 0% used [0x00000000f5580000,0x00000000f5580000,0x00000000f9580000)
  from space 10752K, 99% used [0x00000000f9580000,0x00000000f9ffdd28,0x00000000fa000000)
  to   space 10752K, 0% used [0x00000000fa000000,0x00000000fa000000,0x00000000faa80000)
 ParOldGen       total 175104K, used 1308K [0x00000000e0000000, 0x00000000eab00000, 0x00000000f5580000)
  object space 175104K, 0% used [0x00000000e0000000,0x00000000e0147118,0x00000000eab00000)
 Metaspace       used 20137K, capacity 20756K, committed 21120K, reserved 1067008K
  class space    used 2917K, capacity 3075K, committed 3200K, reserved 1048576K
}
Event: 4.808 GC heap before
{Heap before GC invocations=4 (full 0):
 PSYoungGen      total 76288K, used 14113K [0x00000000f5580000, 0x00000000faa80000, 0x0000000100000000)
  eden space 65536K, 5% used [0x00000000f5580000,0x00000000f58ca9d8,0x00000000f9580000)
  from space 10752K, 99% used [0x00000000f9580000,0x00000000f9ffdd28,0x00000000fa000000)
  to   space 10752K, 0% used [0x00000000fa000000,0x00000000fa000000,0x00000000faa80000)
 ParOldGen       total 175104K, used 1308K [0x00000000e0000000, 0x00000000eab00000, 0x00000000f5580000)
  object space 175104K, 0% used [0x00000000e0000000,0x00000000e0147118,0x00000000eab00000)
 Metaspace       used 20631K, capacity 21204K, committed 21296K, reserved 1067008K
  class space    used 2979K, capacity 3139K, committed 3200K, reserved 1048576K
Event: 4.817 GC heap after
Heap after GC invocations=4 (full 0):
 PSYoungGen      total 76288K, used 7880K [0x00000000f5580000, 0x00000000fea80000, 0x0000000100000000)
  eden space 65536K, 0% used [0x00000000f5580000,0x00000000f5580000,0x00000000f9580000)
  from space 10752K, 73% used [0x00000000fa000000,0x00000000fa7b21e8,0x00000000faa80000)
  to   space 10752K, 0% used [0x00000000f9580000,0x00000000f9580000,0x00000000fa000000)
 ParOldGen       total 175104K, used 1316K [0x00000000e0000000, 0x00000000eab00000, 0x00000000f5580000)
  object space 175104K, 0% used [0x00000000e0000000,0x00000000e0149118,0x00000000eab00000)
 Metaspace       used 20631K, capacity 21204K, committed 21296K, reserved 1067008K
  class space    used 2979K, capacity 3139K, committed 3200K, reserved 1048576K
}
Event: 4.817 GC heap before
{Heap before GC invocations=5 (full 1):
 PSYoungGen      total 76288K, used 7880K [0x00000000f5580000, 0x00000000fea80000, 0x0000000100000000)
  eden space 65536K, 0% used [0x00000000f5580000,0x00000000f5580000,0x00000000f9580000)
  from space 10752K, 73% used [0x00000000fa000000,0x00000000fa7b21e8,0x00000000faa80000)
  to   space 10752K, 0% used [0x00000000f9580000,0x00000000f9580000,0x00000000fa000000)
 ParOldGen       total 175104K, used 1316K [0x00000000e0000000, 0x00000000eab00000, 0x00000000f5580000)
  object space 175104K, 0% used [0x00000000e0000000,0x00000000e0149118,0x00000000eab00000)
 Metaspace       used 20631K, capacity 21204K, committed 21296K, reserved 1067008K
  class space    used 2979K, capacity 3139K, committed 3200K, reserved 1048576K
Event: 4.865 GC heap after
Heap after GC invocations=5 (full 1):
 PSYoungGen      total 76288K, used 0K [0x00000000f5580000, 0x00000000fea80000, 0x0000000100000000)
  eden space 65536K, 0% used [0x00000000f5580000,0x00000000f5580000,0x00000000f9580000)
  from space 10752K, 0% used [0x00000000fa000000,0x00000000fa000000,0x00000000faa80000)
  to   space 10752K, 0% used [0x00000000f9580000,0x00000000f9580000,0x00000000fa000000)
 ParOldGen       total 175104K, used 7753K [0x00000000e0000000, 0x00000000eab00000, 0x00000000f5580000)
  object space 175104K, 4% used [0x00000000e0000000,0x00000000e0792418,0x00000000eab00000)
 Metaspace       used 20631K, capacity 21204K, committed 21296K, reserved 1067008K
  class space    used 2979K, capacity 3139K, committed 3200K, reserved 1048576K
}
Event: 6.489 GC heap before
{Heap before GC invocations=6 (full 1):
 PSYoungGen      total 76288K, used 65536K [0x00000000f5580000, 0x00000000fea80000, 0x0000000100000000)
  eden space 65536K, 100% used [0x00000000f5580000,0x00000000f9580000,0x00000000f9580000)
  from space 10752K, 0% used [0x00000000fa000000,0x00000000fa000000,0x00000000faa80000)
  to   space 10752K, 0% used [0x00000000f9580000,0x00000000f9580000,0x00000000fa000000)
 ParOldGen       total 175104K, used 7753K [0x00000000e0000000, 0x00000000eab00000, 0x00000000f5580000)
  object space 175104K, 4% used [0x00000000e0000000,0x00000000e0792418,0x00000000eab00000)
 Metaspace       used 28252K, capacity 28860K, committed 28928K, reserved 1075200K
  class space    used 3863K, capacity 4045K, committed 4096K, reserved 1048576K
Event: 6.496 GC heap after
Heap after GC invocations=6 (full 1):
 PSYoungGen      total 76288K, used 7477K [0x00000000f5580000, 0x00000000fd900000, 0x0000000100000000)
  eden space 65536K, 0% used [0x00000000f5580000,0x00000000f5580000,0x00000000f9580000)
  from space 10752K, 69% used [0x00000000f9580000,0x00000000f9ccd5f8,0x00000000fa000000)
  to   space 12800K, 0% used [0x00000000fcc80000,0x00000000fcc80000,0x00000000fd900000)
 ParOldGen       total 175104K, used 7761K [0x00000000e0000000, 0x00000000eab00000, 0x00000000f5580000)
  object space 175104K, 4% used [0x00000000e0000000,0x00000000e0794418,0x00000000eab00000)
 Metaspace       used 28252K, capacity 28860K, committed 28928K, reserved 1075200K
  class space    used 3863K, capacity 4045K, committed 4096K, reserved 1048576K
}
Event: 7.839 GC heap before
{Heap before GC invocations=7 (full 1):
 PSYoungGen      total 76288K, used 73013K [0x00000000f5580000, 0x00000000fd900000, 0x0000000100000000)
  eden space 65536K, 100% used [0x00000000f5580000,0x00000000f9580000,0x00000000f9580000)
  from space 10752K, 69% used [0x00000000f9580000,0x00000000f9ccd5f8,0x00000000fa000000)
  to   space 12800K, 0% used [0x00000000fcc80000,0x00000000fcc80000,0x00000000fd900000)
 ParOldGen       total 175104K, used 7761K [0x00000000e0000000, 0x00000000eab00000, 0x00000000f5580000)
  object space 175104K, 4% used [0x00000000e0000000,0x00000000e0794418,0x00000000eab00000)
 Metaspace       used 32458K, capacity 33270K, committed 33536K, reserved 1079296K
  class space    used 4365K, capacity 4586K, committed 4608K, reserved 1048576K
Event: 7.856 GC heap after
Heap after GC invocations=7 (full 1):
 PSYoungGen      total 117760K, used 9045K [0x00000000f5580000, 0x00000000fd680000, 0x0000000100000000)
  eden space 107520K, 0% used [0x00000000f5580000,0x00000000f5580000,0x00000000fbe80000)
  from space 10240K, 88% used [0x00000000fcc80000,0x00000000fd555640,0x00000000fd680000)
  to   space 12288K, 0% used [0x00000000fbe80000,0x00000000fbe80000,0x00000000fca80000)
 ParOldGen       total 175104K, used 7769K [0x00000000e0000000, 0x00000000eab00000, 0x00000000f5580000)
  object space 175104K, 4% used [0x00000000e0000000,0x00000000e0796418,0x00000000eab00000)
 Metaspace       used 32458K, capacity 33270K, committed 33536K, reserved 1079296K
  class space    used 4365K, capacity 4586K, committed 4608K, reserved 1048576K
}

